TN:
SF:src\components\ConfirmDialog.tsx
FN:23,(anonymous_0)
FNF:1
FNH:1
FNDA:6,(anonymous_0)
DA:23,2
DA:32,6
LF:2
LH:2
BRDA:29,0,0,6
BRDA:30,1,0,6
BRF:2
BRH:2
end_of_record
TN:
SF:src\components\DebugLogViewer.tsx
FN:24,(anonymous_0)
FN:29,(anonymous_1)
FN:33,(anonymous_2)
FN:51,(anonymous_3)
FN:79,(anonymous_4)
FN:91,(anonymous_5)
FN:102,(anonymous_6)
FN:109,(anonymous_7)
FN:217,(anonymous_8)
FN:219,(anonymous_9)
FNF:10
FNH:0
FNDA:0,(anonymous_0)
FNDA:0,(anonymous_1)
FNDA:0,(anonymous_2)
FNDA:0,(anonymous_3)
FNDA:0,(anonymous_4)
FNDA:0,(anonymous_5)
FNDA:0,(anonymous_6)
FNDA:0,(anonymous_7)
FNDA:0,(anonymous_8)
FNDA:0,(anonymous_9)
DA:24,0
DA:25,0
DA:26,0
DA:27,0
DA:29,0
DA:30,0
DA:33,0
DA:34,0
DA:35,0
DA:36,0
DA:37,0
DA:39,0
DA:40,0
DA:42,0
DA:48,0
DA:51,0
DA:52,0
DA:53,0
DA:58,0
DA:61,0
DA:62,0
DA:64,0
DA:71,0
DA:79,0
DA:80,0
DA:81,0
DA:82,0
DA:84,0
DA:91,0
DA:93,0
DA:94,0
DA:95,0
DA:96,0
DA:97,0
DA:98,0
DA:99,0
DA:102,0
DA:103,0
DA:104,0
DA:106,0
DA:109,0
DA:112,0
DA:114,0
DA:119,0
DA:125,0
DA:128,0
DA:129,0
DA:144,0
DA:218,0
DA:219,0
DA:220,0
LF:51
LH:0
BRDA:52,0,0,0
BRDA:52,0,1,0
BRDA:80,1,0,0
BRDA:80,1,1,0
BRDA:128,2,0,0
BRDA:128,2,1,0
BRDA:147,3,0,0
BRDA:147,3,1,0
BRDA:211,4,0,0
BRDA:211,4,1,0
BRDA:230,5,0,0
BRDA:230,5,1,0
BRDA:258,6,0,0
BRDA:258,6,1,0
BRF:14
BRH:0
end_of_record
TN:
SF:src\components\EditTimeDialog.tsx
FN:22,(anonymous_0)
FN:30,(anonymous_1)
FN:35,(anonymous_2)
FNF:3
FNH:3
FNDA:7,(anonymous_0)
FNDA:1,(anonymous_1)
FNDA:1,(anonymous_2)
DA:22,2
DA:30,7
DA:31,1
DA:32,1
DA:35,7
DA:36,1
DA:39,7
LF:7
LH:7
BRDA:45,0,0,7
BRDA:45,0,1,1
BRF:2
BRH:2
end_of_record
TN:
SF:src\components\NameInput.tsx
FN:14,(anonymous_0)
FN:25,(anonymous_1)
FN:27,(anonymous_2)
FN:45,(anonymous_3)
FN:46,(anonymous_4)
FN:55,(anonymous_5)
FN:61,(anonymous_6)
FN:64,(anonymous_7)
FN:75,(anonymous_8)
FN:80,(anonymous_9)
FN:97,(anonymous_10)
FN:106,(anonymous_11)
FN:124,(anonymous_12)
FN:129,(anonymous_13)
FNF:14
FNH:13
FNDA:24,(anonymous_0)
FNDA:8,(anonymous_1)
FNDA:3,(anonymous_2)
FNDA:8,(anonymous_3)
FNDA:8,(anonymous_4)
FNDA:8,(anonymous_5)
FNDA:7,(anonymous_6)
FNDA:3,(anonymous_7)
FNDA:1,(anonymous_8)
FNDA:1,(anonymous_9)
FNDA:0,(anonymous_10)
FNDA:1,(anonymous_11)
FNDA:10,(anonymous_12)
FNDA:1,(anonymous_13)
DA:14,1
DA:20,24
DA:21,24
DA:22,24
DA:23,24
DA:25,24
DA:26,8
DA:27,3
DA:28,3
DA:30,3
DA:32,3
DA:33,0
DA:36,5
DA:38,5
DA:39,0
DA:45,24
DA:46,8
DA:47,8
DA:48,1
DA:53,8
DA:55,8
DA:57,8
DA:61,24
DA:63,7
DA:64,2
DA:65,3
DA:67,2
DA:68,2
DA:70,5
DA:71,5
DA:75,24
DA:80,24
DA:81,1
DA:82,1
DA:83,1
DA:86,24
DA:97,0
DA:107,1
DA:108,1
DA:124,10
DA:129,1
LF:41
LH:38
BRDA:18,0,0,24
BRDA:26,1,0,3
BRDA:26,1,1,5
BRDA:28,2,0,3
BRDA:28,2,1,2
BRDA:32,3,0,0
BRDA:32,3,1,3
BRDA:38,4,0,0
BRDA:38,4,1,5
BRDA:47,5,0,1
BRDA:47,5,1,7
BRDA:47,6,0,8
BRDA:47,6,1,8
BRDA:63,7,0,2
BRDA:63,7,1,5
BRDA:65,8,0,3
BRDA:65,8,1,2
BRDA:103,9,0,24
BRDA:103,9,1,8
BRDA:118,10,0,24
BRDA:118,10,1,5
BRDA:120,11,0,5
BRDA:120,11,1,0
BRDA:136,12,0,0
BRDA:136,12,1,0
BRF:25
BRH:20
end_of_record
TN:
SF:src\components\NotificationList.tsx
FN:19,(anonymous_0)
FN:29,(anonymous_1)
FN:39,(anonymous_2)
FN:63,(anonymous_3)
FN:92,(anonymous_4)
FN:108,(anonymous_5)
FN:116,(anonymous_6)
FN:138,(anonymous_7)
FN:162,(anonymous_8)
FN:173,(anonymous_9)
FN:174,(anonymous_10)
FN:188,(anonymous_11)
FN:189,(anonymous_12)
FNF:13
FNH:7
FNDA:17,(anonymous_0)
FNDA:32,(anonymous_1)
FNDA:0,(anonymous_2)
FNDA:16,(anonymous_3)
FNDA:1,(anonymous_4)
FNDA:1,(anonymous_5)
FNDA:2,(anonymous_6)
FNDA:2,(anonymous_7)
FNDA:0,(anonymous_8)
FNDA:0,(anonymous_9)
FNDA:0,(anonymous_10)
FNDA:0,(anonymous_11)
FNDA:0,(anonymous_12)
DA:19,1
DA:26,17
DA:27,17
DA:28,17
DA:29,17
DA:30,32
DA:31,31
DA:32,1
DA:33,1
DA:35,0
DA:39,17
DA:40,0
DA:41,0
DA:42,0
DA:46,17
DA:47,1
DA:56,16
DA:64,16
DA:66,16
DA:92,1
DA:108,1
DA:117,2
DA:118,2
DA:119,1
DA:121,1
DA:139,2
DA:140,2
DA:141,1
DA:143,1
DA:162,0
DA:173,0
DA:175,0
DA:176,0
DA:188,0
DA:190,0
DA:191,0
LF:36
LH:25
BRDA:30,0,0,31
BRDA:30,0,1,1
BRDA:32,1,0,1
BRDA:32,1,1,0
BRDA:40,2,0,0
BRDA:40,2,1,0
BRDA:46,3,0,1
BRDA:46,3,1,16
BRDA:69,4,0,4
BRDA:69,4,1,12
BRDA:75,5,0,16
BRDA:75,5,1,0
BRDA:77,6,0,16
BRDA:77,6,1,4
BRDA:91,7,0,16
BRDA:91,7,1,16
BRDA:100,8,0,4
BRDA:100,8,1,12
BRDA:118,9,0,1
BRDA:118,9,1,1
BRDA:118,10,0,2
BRDA:118,10,1,1
BRDA:133,11,0,16
BRDA:133,11,1,0
BRDA:140,12,0,1
BRDA:140,12,1,1
BRDA:140,13,0,2
BRDA:140,13,1,2
BRDA:159,14,0,16
BRDA:159,14,1,1
BRDA:162,15,0,0
BRDA:162,15,1,0
BRDA:170,16,0,17
BRDA:170,16,1,1
BRDA:173,17,0,0
BRDA:173,17,1,0
BRDA:179,18,0,1
BRDA:179,18,1,0
BRDA:179,19,0,1
BRDA:179,19,1,0
BRDA:185,20,0,17
BRDA:185,20,1,1
BRDA:188,21,0,0
BRDA:188,21,1,0
BRDA:194,22,0,1
BRDA:194,22,1,0
BRF:46
BRH:32
end_of_record
TN:
SF:src\components\PermissionsDialog.tsx
FN:19,(anonymous_0)
FN:20,(anonymous_1)
FNF:2
FNH:2
FNDA:10,(anonymous_0)
FNDA:10,(anonymous_1)
DA:19,1
DA:20,10
DA:21,10
DA:23,3
DA:31,3
DA:52,1
DA:78,3
DA:87,10
DA:89,10
LF:9
LH:9
BRDA:21,0,0,3
BRDA:21,0,1,3
BRDA:21,0,2,1
BRDA:21,0,3,3
BRDA:107,1,0,10
BRDA:107,1,1,1
BRF:6
BRH:6
end_of_record
TN:
SF:src\components\TimeInput.tsx
FN:12,(anonymous_0)
FN:20,(anonymous_1)
FN:27,(anonymous_2)
FN:66,(anonymous_3)
FN:93,(anonymous_4)
FN:116,(anonymous_5)
FNF:6
FNH:6
FNDA:49,(anonymous_0)
FNDA:2,(anonymous_1)
FNDA:7,(anonymous_2)
FNDA:4,(anonymous_3)
FNDA:4,(anonymous_4)
FNDA:9,(anonymous_5)
DA:12,3
DA:13,49
DA:14,49
DA:15,49
DA:16,49
DA:17,49
DA:18,49
DA:20,49
DA:21,2
DA:22,2
DA:23,2
DA:27,49
DA:28,7
DA:29,7
DA:30,4
DA:32,7
DA:33,5
DA:36,7
DA:37,7
DA:38,7
DA:39,7
DA:43,49
DA:66,4
DA:94,4
DA:95,4
DA:96,4
DA:97,0
DA:116,9
LF:28
LH:27
BRDA:21,0,0,2
BRDA:21,0,1,0
BRDA:29,1,0,4
BRDA:29,1,1,3
BRDA:29,2,0,7
BRDA:29,2,1,4
BRDA:30,3,0,2
BRDA:30,3,1,2
BRDA:32,4,0,5
BRDA:32,4,1,2
BRDA:32,5,0,7
BRDA:32,5,1,5
BRDA:33,6,0,1
BRDA:33,6,1,4
BRDA:36,7,0,7
BRDA:36,7,1,0
BRDA:75,8,0,49
BRDA:75,8,1,45
BRDA:96,9,0,0
BRDA:96,9,1,4
BRDA:125,10,0,49
BRDA:125,10,1,41
BRDA:128,11,0,49
BRDA:128,11,1,36
BRDA:129,12,0,8
BRDA:129,12,1,41
BRDA:129,13,0,49
BRDA:129,13,1,8
BRDA:129,14,0,4
BRDA:129,14,1,4
BRDA:130,15,0,9
BRDA:130,15,1,40
BRDA:130,16,0,49
BRDA:130,16,1,9
BRDA:130,17,0,2
BRDA:130,17,1,7
BRF:36
BRH:33
end_of_record
TN:
SF:src\services\notificationService.ts
FN:62,(anonymous_0)
FN:81,(anonymous_1)
FN:119,(anonymous_2)
FN:126,(anonymous_3)
FN:134,(anonymous_4)
FN:161,(anonymous_5)
FN:176,(anonymous_6)
FN:192,(anonymous_7)
FN:207,(anonymous_8)
FN:219,(anonymous_9)
FN:225,(anonymous_10)
FN:246,(anonymous_11)
FN:258,(anonymous_12)
FN:264,(anonymous_13)
FN:268,(anonymous_14)
FN:290,(anonymous_15)
FN:321,(anonymous_16)
FN:326,(anonymous_17)
FN:337,(anonymous_18)
FN:348,(anonymous_19)
FN:349,(anonymous_20)
FN:381,(anonymous_21)
FN:383,(anonymous_22)
FN:395,(anonymous_23)
FN:404,(anonymous_24)
FN:405,(anonymous_25)
FN:444,(anonymous_26)
FN:445,(anonymous_27)
FN:454,(anonymous_28)
FN:458,(anonymous_29)
FN:459,(anonymous_30)
FN:462,(anonymous_31)
FN:466,(anonymous_32)
FN:488,(anonymous_33)
FN:495,(anonymous_34)
FN:499,(anonymous_35)
FN:512,(anonymous_36)
FN:518,(anonymous_37)
FN:533,(anonymous_38)
FN:546,(anonymous_39)
FN:553,(anonymous_40)
FNF:41
FNH:21
FNDA:12,(anonymous_0)
FNDA:0,(anonymous_1)
FNDA:1,(anonymous_2)
FNDA:0,(anonymous_3)
FNDA:29,(anonymous_4)
FNDA:0,(anonymous_5)
FNDA:0,(anonymous_6)
FNDA:0,(anonymous_7)
FNDA:0,(anonymous_8)
FNDA:0,(anonymous_9)
FNDA:0,(anonymous_10)
FNDA:0,(anonymous_11)
FNDA:0,(anonymous_12)
FNDA:0,(anonymous_13)
FNDA:38,(anonymous_14)
FNDA:38,(anonymous_15)
FNDA:0,(anonymous_16)
FNDA:0,(anonymous_17)
FNDA:0,(anonymous_18)
FNDA:5,(anonymous_19)
FNDA:5,(anonymous_20)
FNDA:4,(anonymous_21)
FNDA:3,(anonymous_22)
FNDA:3,(anonymous_23)
FNDA:3,(anonymous_24)
FNDA:3,(anonymous_25)
FNDA:0,(anonymous_26)
FNDA:0,(anonymous_27)
FNDA:0,(anonymous_28)
FNDA:22,(anonymous_29)
FNDA:1,(anonymous_30)
FNDA:4,(anonymous_31)
FNDA:41,(anonymous_32)
FNDA:38,(anonymous_33)
FNDA:2,(anonymous_34)
FNDA:50,(anonymous_35)
FNDA:29,(anonymous_36)
FNDA:0,(anonymous_37)
FNDA:2,(anonymous_38)
FNDA:0,(anonymous_39)
FNDA:0,(anonymous_40)
DA:49,1
DA:50,30
DA:51,30
DA:52,30
DA:63,12
DA:64,12
DA:66,12
DA:67,16
DA:68,16
DA:69,16
DA:70,16
DA:71,12
DA:75,12
DA:86,0
DA:90,0
DA:120,30
DA:121,30
DA:123,30
DA:131,0
DA:135,29
DA:137,0
DA:139,0
DA:141,0
DA:142,0
DA:146,0
DA:147,0
DA:149,0
DA:151,0
DA:154,0
DA:158,29
DA:162,0
DA:164,0
DA:165,0
DA:166,0
DA:169,0
DA:173,0
DA:177,0
DA:180,0
DA:182,0
DA:183,0
DA:184,0
DA:187,0
DA:188,0
DA:193,0
DA:196,0
DA:198,0
DA:200,0
DA:203,0
DA:208,0
DA:210,0
DA:211,0
DA:212,0
DA:215,0
DA:220,0
DA:222,0
DA:226,0
DA:228,0
DA:229,0
DA:230,0
DA:231,0
DA:233,0
DA:237,0
DA:240,0
DA:242,0
DA:247,0
DA:249,0
DA:250,0
DA:251,0
DA:254,0
DA:260,0
DA:261,0
DA:265,0
DA:269,38
DA:271,0
DA:273,0
DA:285,0
DA:286,0
DA:292,38
DA:294,38
DA:295,38
DA:298,38
DA:300,38
DA:311,38
DA:312,38
DA:314,38
DA:316,38
DA:317,0
DA:318,0
DA:321,0
DA:322,0
DA:325,0
DA:326,0
DA:328,0
DA:329,0
DA:333,0
DA:334,0
DA:337,0
DA:340,0
DA:344,38
DA:345,38
DA:349,5
DA:350,5
DA:352,5
DA:353,5
DA:355,5
DA:356,0
DA:358,0
DA:359,0
DA:362,0
DA:363,0
DA:364,0
DA:366,0
DA:370,0
DA:372,0
DA:373,0
DA:378,5
DA:383,4
DA:385,4
DA:386,0
DA:388,0
DA:390,0
DA:391,0
DA:395,4
DA:397,4
DA:398,2
DA:401,4
DA:405,3
DA:406,3
DA:409,3
DA:410,0
DA:412,0
DA:414,0
DA:415,0
DA:420,3
DA:421,3
DA:422,3
DA:424,3
DA:425,1
DA:427,2
DA:429,3
DA:430,3
DA:433,3
DA:434,0
DA:435,0
DA:437,0
DA:441,3
DA:445,0
DA:446,0
DA:448,0
DA:449,0
DA:451,0
DA:455,0
DA:459,22
DA:463,4
DA:467,41
DA:469,41
DA:470,35
DA:471,35
DA:472,35
DA:475,35
DA:476,1
DA:479,35
DA:482,6
DA:483,6
DA:484,6
DA:489,38
DA:490,37
DA:492,37
DA:495,2
DA:500,50
DA:501,50
DA:503,50
DA:504,0
DA:505,0
DA:507,50
DA:508,50
DA:513,29
DA:514,0
DA:515,0
DA:517,0
DA:518,0
DA:525,0
DA:526,0
DA:529,29
DA:530,29
DA:532,29
DA:533,2
DA:540,29
DA:541,0
DA:547,0
DA:549,0
DA:550,0
DA:551,0
DA:553,0
DA:555,0
DA:556,0
DA:559,0
DA:561,0
DA:562,0
LF:199
LH:83
BRDA:68,0,0,16
BRDA:68,0,1,0
BRDA:69,1,0,16
BRDA:69,1,1,0
BRDA:70,2,0,4
BRDA:70,2,1,12
BRDA:71,3,0,12
BRDA:71,3,1,0
BRDA:86,4,0,0
BRDA:86,4,1,0
BRDA:120,5,0,30
BRDA:120,5,1,0
BRDA:135,6,0,0
BRDA:135,6,1,29
BRDA:139,7,0,0
BRDA:139,7,1,0
BRDA:147,8,0,0
BRDA:147,8,1,0
BRDA:162,9,0,0
BRDA:162,9,1,0
BRDA:165,10,0,0
BRDA:165,10,1,0
BRDA:177,11,0,0
BRDA:177,11,1,0
BRDA:182,12,0,0
BRDA:182,12,1,0
BRDA:193,13,0,0
BRDA:193,13,1,0
BRDA:198,14,0,0
BRDA:198,14,1,0
BRDA:208,15,0,0
BRDA:208,15,1,0
BRDA:211,16,0,0
BRDA:211,16,1,0
BRDA:220,17,0,0
BRDA:220,17,1,0
BRDA:226,18,0,0
BRDA:226,18,1,0
BRDA:229,19,0,0
BRDA:229,19,1,0
BRDA:231,20,0,0
BRDA:231,20,1,0
BRDA:247,21,0,0
BRDA:247,21,1,0
BRDA:250,22,0,0
BRDA:250,22,1,0
BRDA:269,23,0,38
BRDA:269,23,1,0
BRDA:298,24,0,5
BRDA:298,24,1,33
BRDA:316,25,0,0
BRDA:316,25,1,38
BRDA:328,26,0,0
BRDA:328,26,1,0
BRDA:350,27,0,0
BRDA:350,27,1,5
BRDA:355,28,0,0
BRDA:355,28,1,5
BRDA:358,29,0,0
BRDA:358,29,1,0
BRDA:359,30,0,0
BRDA:359,30,1,0
BRDA:372,31,0,0
BRDA:372,31,1,0
BRDA:385,32,0,0
BRDA:385,32,1,4
BRDA:390,33,0,0
BRDA:390,33,1,0
BRDA:397,34,0,2
BRDA:397,34,1,2
BRDA:406,35,0,0
BRDA:406,35,1,3
BRDA:409,36,0,0
BRDA:409,36,1,3
BRDA:414,37,0,0
BRDA:414,37,1,0
BRDA:424,38,0,1
BRDA:424,38,1,2
BRDA:433,39,0,0
BRDA:433,39,1,3
BRDA:446,40,0,0
BRDA:446,40,1,0
BRDA:469,41,0,35
BRDA:469,41,1,6
BRDA:475,42,0,1
BRDA:475,42,1,34
BRDA:489,43,0,37
BRDA:489,43,1,1
BRDA:503,44,0,0
BRDA:503,44,1,50
BRDA:513,45,0,0
BRDA:513,45,1,29
BRDA:517,46,0,0
BRDA:517,46,1,0
BRDA:521,47,0,0
BRDA:521,47,1,0
BRDA:521,47,2,0
BRDA:525,48,0,0
BRDA:525,48,1,0
BRDA:532,49,0,2
BRDA:532,49,1,27
BRDA:536,50,0,2
BRDA:536,50,1,1
BRDA:536,50,2,0
BRDA:540,51,0,0
BRDA:540,51,1,29
BRDA:547,52,0,0
BRDA:547,52,1,0
BRDA:555,53,0,0
BRDA:555,53,1,0
BRF:110
BRH:34
end_of_record
TN:
SF:src\utils\notificationUtils.ts
FN:6,toNumericId
FNF:1
FNH:1
FNDA:30,toNumericId
DA:7,30
DA:8,30
DA:9,50238
DA:12,30
DA:13,30
LF:5
LH:5
BRF:0
BRH:0
end_of_record
